nohup: ignoring input
2025-08-05 22:26:45,604 - mygo - INFO - Epoch 1/1500, Loss: 563.1042
/mnt/data1/envs/zhz/lib/python3.10/site-packages/torch/nn/modules/transformer.py:505: UserWarning: The PyTorch API of nested tensors is in prototype stage and will change in the near future. We recommend specifying layout=torch.jagged when constructing a nested tensor, as this layout receives active development, has better operator coverage, and works with torch.compile. (Triggered internally at /pytorch/aten/src/ATen/NestedTensorImpl.cpp:178.)
  output = torch._nested_tensor_from_mask(
2025-08-05 22:27:19,777 - mygo - INFO - Entity Prediction on Valid Set
2025-08-05 22:27:19,778 - mygo - INFO - MR: 1398.9967689822295
2025-08-05 22:27:19,778 - mygo - INFO - MRR: 0.09677553051625869
2025-08-05 22:27:19,778 - mygo - INFO - Hit10: 0.17210218093699514
2025-08-05 22:27:19,778 - mygo - INFO - Hit3: 0.11051090468497576
2025-08-05 22:27:19,778 - mygo - INFO - Hit1: 0.057401050080775444
2025-08-05 22:27:52,865 - mygo - INFO - Entity Prediction on Test Set
2025-08-05 22:27:52,865 - mygo - INFO - MR: 1880.4116340133307
2025-08-05 22:27:52,866 - mygo - INFO - MRR: 0.10954281168759351
2025-08-05 22:27:52,866 - mygo - INFO - Hit10: 0.17865077762068268
2025-08-05 22:27:52,866 - mygo - INFO - Hit3: 0.12043021611795597
2025-08-05 22:27:52,866 - mygo - INFO - Hit1: 0.07407594425368612
2025-08-05 22:29:07,021 - mygo - INFO - Epoch 2/1500, Loss: 280.6199
2025-08-05 22:29:39,954 - mygo - INFO - Entity Prediction on Valid Set
2025-08-05 22:29:39,955 - mygo - INFO - MR: 874.8917609046849
2025-08-05 22:29:39,955 - mygo - INFO - MRR: 0.11093162930254685
2025-08-05 22:29:39,955 - mygo - INFO - Hit10: 0.19795032310177707
2025-08-05 22:29:39,955 - mygo - INFO - Hit3: 0.12333400646203554
2025-08-05 22:29:39,955 - mygo - INFO - Hit1: 0.06633683360258481
2025-08-05 22:30:13,082 - mygo - INFO - Entity Prediction on Test Set
2025-08-05 22:30:13,083 - mygo - INFO - MR: 1232.8106948091295
2025-08-05 22:30:13,084 - mygo - INFO - MRR: 0.11724504216869407
2025-08-05 22:30:13,084 - mygo - INFO - Hit10: 0.19511209856594627
2025-08-05 22:30:13,084 - mygo - INFO - Hit3: 0.1258836598666936
2025-08-05 22:30:13,084 - mygo - INFO - Hit1: 0.07700464552615634
2025-08-05 22:31:29,907 - mygo - INFO - Epoch 3/1500, Loss: 265.9549
2025-08-05 22:32:03,018 - mygo - INFO - Entity Prediction on Valid Set
2025-08-05 22:32:03,019 - mygo - INFO - MR: 801.9800080775444
2025-08-05 22:32:03,019 - mygo - INFO - MRR: 0.11886063017936875
2025-08-05 22:32:03,019 - mygo - INFO - Hit10: 0.20829967689822293
2025-08-05 22:32:03,019 - mygo - INFO - Hit3: 0.13161348949919224
2025-08-05 22:32:03,019 - mygo - INFO - Hit1: 0.07118336025848142
2025-08-05 22:32:36,294 - mygo - INFO - Entity Prediction on Test Set
2025-08-05 22:32:36,294 - mygo - INFO - MR: 1113.7690870531205
2025-08-05 22:32:36,294 - mygo - INFO - MRR: 0.12114424598182595
2025-08-05 22:32:36,294 - mygo - INFO - Hit10: 0.20021207836800647
2025-08-05 22:32:36,294 - mygo - INFO - Hit3: 0.1301757220763482
2025-08-05 22:32:36,294 - mygo - INFO - Hit1: 0.08069076954150677
2025-08-05 22:33:39,680 - mygo - INFO - Epoch 4/1500, Loss: 258.3371
2025-08-05 22:34:13,161 - mygo - INFO - Entity Prediction on Valid Set
2025-08-05 22:34:13,163 - mygo - INFO - MR: 658.9831886106624
2025-08-05 22:34:13,164 - mygo - INFO - MRR: 0.11518954101291082
2025-08-05 22:34:13,164 - mygo - INFO - Hit10: 0.20668416801292408
2025-08-05 22:34:13,164 - mygo - INFO - Hit3: 0.12732229402261713
2025-08-05 22:34:13,164 - mygo - INFO - Hit1: 0.06568053311793215
2025-08-05 22:34:46,377 - mygo - INFO - Entity Prediction on Test Set
2025-08-05 22:34:46,377 - mygo - INFO - MR: 1043.1082104625327
2025-08-05 22:34:46,377 - mygo - INFO - MRR: 0.12001594475110298
2025-08-05 22:34:46,377 - mygo - INFO - Hit10: 0.20445364572813574
2025-08-05 22:34:46,377 - mygo - INFO - Hit3: 0.12830741264391032
2025-08-05 22:34:46,377 - mygo - INFO - Hit1: 0.07756008887093517
2025-08-05 22:35:45,854 - mygo - INFO - Epoch 5/1500, Loss: 254.7494
2025-08-05 22:36:18,869 - mygo - INFO - Entity Prediction on Valid Set
2025-08-05 22:36:18,870 - mygo - INFO - MR: 670.8598546042003
2025-08-05 22:36:18,870 - mygo - INFO - MRR: 0.11378815309850913
2025-08-05 22:36:18,870 - mygo - INFO - Hit10: 0.2093598546042003
2025-08-05 22:36:18,870 - mygo - INFO - Hit3: 0.1288873182552504
2025-08-05 22:36:18,870 - mygo - INFO - Hit1: 0.062399030694668824
2025-08-05 22:36:52,285 - mygo - INFO - Entity Prediction on Test Set
2025-08-05 22:36:52,291 - mygo - INFO - MR: 1011.8947687335892
2025-08-05 22:36:52,291 - mygo - INFO - MRR: 0.12186817679332432
2025-08-05 22:36:52,291 - mygo - INFO - Hit10: 0.2085942233892143
2025-08-05 22:36:52,291 - mygo - INFO - Hit3: 0.13244799030498888
2025-08-05 22:36:52,291 - mygo - INFO - Hit1: 0.07826701676429004
2025-08-05 22:37:56,669 - mygo - INFO - Epoch 6/1500, Loss: 251.5751
2025-08-05 22:38:29,530 - mygo - INFO - Entity Prediction on Valid Set
2025-08-05 22:38:29,531 - mygo - INFO - MR: 648.9220012116317
2025-08-05 22:38:29,531 - mygo - INFO - MRR: 0.11179218260065438
2025-08-05 22:38:29,531 - mygo - INFO - Hit10: 0.2192043618739903
2025-08-05 22:38:29,531 - mygo - INFO - Hit3: 0.12797859450726978
2025-08-05 22:38:29,531 - mygo - INFO - Hit1: 0.0566437802907916
2025-08-05 22:39:02,149 - mygo - INFO - Entity Prediction on Test Set
2025-08-05 22:39:02,149 - mygo - INFO - MR: 991.3192284386993
2025-08-05 22:39:02,149 - mygo - INFO - MRR: 0.12226686489097191
2025-08-05 22:39:02,149 - mygo - INFO - Hit10: 0.20667541910725107
2025-08-05 22:39:02,149 - mygo - INFO - Hit3: 0.13320541304786912
2025-08-05 22:39:02,149 - mygo - INFO - Hit1: 0.07851949101191678
2025-08-05 22:40:05,836 - mygo - INFO - Epoch 7/1500, Loss: 249.0039
2025-08-05 22:40:38,764 - mygo - INFO - Entity Prediction on Valid Set
2025-08-05 22:40:38,764 - mygo - INFO - MR: 587.325171647819
2025-08-05 22:40:38,767 - mygo - INFO - MRR: 0.12568673607073888
2025-08-05 22:40:38,767 - mygo - INFO - Hit10: 0.21607431340872374
2025-08-05 22:40:38,767 - mygo - INFO - Hit3: 0.13413772213247172
2025-08-05 22:40:38,767 - mygo - INFO - Hit1: 0.07815024232633279
2025-08-05 22:41:12,213 - mygo - INFO - Entity Prediction on Test Set
2025-08-05 22:41:12,214 - mygo - INFO - MR: 1006.4323873964855
2025-08-05 22:41:12,214 - mygo - INFO - MRR: 0.1252589456827208
2025-08-05 22:41:12,214 - mygo - INFO - Hit10: 0.21374469804079985
2025-08-05 22:41:12,214 - mygo - INFO - Hit3: 0.13502322763078167
2025-08-05 22:41:12,214 - mygo - INFO - Hit1: 0.08064027469198141
2025-08-05 22:42:15,653 - mygo - INFO - Epoch 8/1500, Loss: 246.9841
2025-08-05 22:42:48,479 - mygo - INFO - Entity Prediction on Valid Set
2025-08-05 22:42:48,479 - mygo - INFO - MR: 629.3552100161551
2025-08-05 22:42:48,479 - mygo - INFO - MRR: 0.1236252550968458
2025-08-05 22:42:48,479 - mygo - INFO - Hit10: 0.22344507269789984
2025-08-05 22:42:48,480 - mygo - INFO - Hit3: 0.1411046042003231
2025-08-05 22:42:48,480 - mygo - INFO - Hit1: 0.07027463651050081
2025-08-05 22:43:21,276 - mygo - INFO - Entity Prediction on Test Set
2025-08-05 22:43:21,276 - mygo - INFO - MR: 1002.7426782468189
2025-08-05 22:43:21,276 - mygo - INFO - MRR: 0.1246953397368145
2025-08-05 22:43:21,276 - mygo - INFO - Hit10: 0.21086649161785498
2025-08-05 22:43:21,276 - mygo - INFO - Hit3: 0.13502322763078167
2025-08-05 22:43:21,276 - mygo - INFO - Hit1: 0.08018582104625328
2025-08-05 22:44:21,204 - mygo - INFO - Epoch 9/1500, Loss: 245.5642
2025-08-05 22:44:54,115 - mygo - INFO - Entity Prediction on Valid Set
2025-08-05 22:44:54,116 - mygo - INFO - MR: 598.6790690630048
2025-08-05 22:44:54,116 - mygo - INFO - MRR: 0.12235988960605115
2025-08-05 22:44:54,116 - mygo - INFO - Hit10: 0.2172354604200323
2025-08-05 22:44:54,116 - mygo - INFO - Hit3: 0.13433966074313408
2025-08-05 22:44:54,116 - mygo - INFO - Hit1: 0.07037560581583199
2025-08-05 22:45:26,667 - mygo - INFO - Entity Prediction on Test Set
2025-08-05 22:45:26,668 - mygo - INFO - MR: 1011.8023126641083
2025-08-05 22:45:26,668 - mygo - INFO - MRR: 0.12608128884005262
2025-08-05 22:45:26,668 - mygo - INFO - Hit10: 0.20611997576247224
2025-08-05 22:45:26,668 - mygo - INFO - Hit3: 0.13305392849929307
2025-08-05 22:45:26,668 - mygo - INFO - Hit1: 0.08346798626540093
